2012-12-03 22:49:29,816 [Worker-1] INFO  o.e.m.c.i.l.LifecycleMappingFactory - Using org.eclipse.m2e.jdt.JarLifecycleMapping lifecycle mapping for MavenProject: GitEditor:GitEditor:0.0.1-SNAPSHOT @ C:\Users\Alan\Desktop\GiftEditor\GitEditor\pom.xml.
2012-12-03 22:49:30,461 [Worker-1] INFO  o.e.m.j.i.AbstractJavaProjectConfigurator - Adding source folder /GitEditor/src/main/java
2012-12-03 22:49:30,466 [Worker-1] INFO  o.e.m.j.i.AbstractJavaProjectConfigurator - Adding resource folder /GitEditor/src/main/resources
2012-12-03 22:49:30,466 [Worker-1] INFO  o.e.m.j.i.AbstractJavaProjectConfigurator - Adding source folder /GitEditor/src/test/java
2012-12-03 22:49:30,466 [Worker-1] INFO  o.e.m.j.i.AbstractJavaProjectConfigurator - Adding resource folder /GitEditor/src/test/resources
2012-12-03 22:49:30,896 [Worker-5] INFO  o.e.m.c.i.l.LifecycleMappingFactory - Using org.eclipse.m2e.jdt.JarLifecycleMapping lifecycle mapping for MavenProject: GitEditor:GitEditor:0.0.1-SNAPSHOT @ C:\Users\Alan\Desktop\GiftEditor\GitEditor\pom.xml.
2012-12-03 22:49:30,986 [Worker-5] WARN  o.e.m.c.i.embedder.EclipseLogger - Using platform encoding (Cp1252 actually) to copy filtered resources, i.e. build is platform dependent!
2012-12-03 22:49:30,991 [Worker-5] INFO  o.e.m.c.i.embedder.EclipseLogger - Copying 0 resource
2012-12-03 22:49:30,991 [Worker-5] WARN  o.e.m.c.i.embedder.EclipseLogger - Using platform encoding (Cp1252 actually) to copy filtered resources, i.e. build is platform dependent!
2012-12-03 22:49:30,991 [Worker-5] INFO  o.e.m.c.i.embedder.EclipseLogger - Copying 0 resource
2012-12-03 22:49:31,576 [Worker-5] INFO  o.e.m.c.i.l.LifecycleMappingFactory - Using org.eclipse.m2e.jdt.JarLifecycleMapping lifecycle mapping for MavenProject: GitEditor:GitEditor:0.0.1-SNAPSHOT @ C:\Users\Alan\Desktop\GiftEditor\GitEditor\pom.xml.
2012-12-03 22:49:32,086 [Worker-2] WARN  o.e.m.c.i.embedder.EclipseLogger - Using platform encoding (Cp1252 actually) to copy filtered resources, i.e. build is platform dependent!
2012-12-03 22:49:32,091 [Worker-2] INFO  o.e.m.c.i.embedder.EclipseLogger - Copying 0 resource
2012-12-03 22:49:32,091 [Worker-2] WARN  o.e.m.c.i.embedder.EclipseLogger - Using platform encoding (Cp1252 actually) to copy filtered resources, i.e. build is platform dependent!
2012-12-03 22:49:32,091 [Worker-2] INFO  o.e.m.c.i.embedder.EclipseLogger - Copying 0 resource
2012-12-03 22:51:09,722 [Worker-8] INFO  o.e.m.c.i.l.LifecycleMappingFactory - Using org.eclipse.m2e.jdt.JarLifecycleMapping lifecycle mapping for MavenProject: GitEditor:GitEditor:0.0.1-SNAPSHOT @ C:\Users\Alan\Desktop\GiftEditor\GitEditor\pom.xml.
2012-12-03 22:51:09,773 [Worker-8] WARN  o.e.m.c.i.embedder.EclipseLogger - Using platform encoding (Cp1252 actually) to copy filtered resources, i.e. build is platform dependent!
2012-12-03 22:51:09,774 [Worker-8] INFO  o.e.m.c.i.embedder.EclipseLogger - Copying 0 resource
2012-12-03 22:51:09,776 [Worker-8] WARN  o.e.m.c.i.embedder.EclipseLogger - Using platform encoding (Cp1252 actually) to copy filtered resources, i.e. build is platform dependent!
2012-12-03 22:51:09,776 [Worker-8] INFO  o.e.m.c.i.embedder.EclipseLogger - Copying 0 resource
2012-12-03 22:52:58,657 [Worker-3] INFO  o.e.m.c.i.l.LifecycleMappingFactory - Using org.eclipse.m2e.jdt.JarLifecycleMapping lifecycle mapping for MavenProject: GitEditor:GitEditor:0.0.1-SNAPSHOT @ C:\Users\Alan\Desktop\GiftEditor\GitEditor\pom.xml.
2012-12-03 22:52:58,703 [Worker-3] WARN  o.e.m.c.i.embedder.EclipseLogger - Using platform encoding (Cp1252 actually) to copy filtered resources, i.e. build is platform dependent!
2012-12-03 22:52:58,704 [Worker-3] INFO  o.e.m.c.i.embedder.EclipseLogger - Copying 0 resource
2012-12-03 22:52:58,706 [Worker-3] WARN  o.e.m.c.i.embedder.EclipseLogger - Using platform encoding (Cp1252 actually) to copy filtered resources, i.e. build is platform dependent!
2012-12-03 22:52:58,706 [Worker-3] INFO  o.e.m.c.i.embedder.EclipseLogger - Copying 0 resource
2012-12-03 22:54:29,551 [Worker-4] INFO  o.e.m.c.i.l.LifecycleMappingFactory - Using org.eclipse.m2e.jdt.JarLifecycleMapping lifecycle mapping for MavenProject: GitEditor:GitEditor:0.0.1-SNAPSHOT @ C:\Users\Alan\Desktop\GiftEditor\GitEditor\pom.xml.
2012-12-03 22:54:29,622 [Worker-4] WARN  o.e.m.c.i.embedder.EclipseLogger - Using platform encoding (Cp1252 actually) to copy filtered resources, i.e. build is platform dependent!
2012-12-03 22:54:29,623 [Worker-4] INFO  o.e.m.c.i.embedder.EclipseLogger - Copying 0 resource
2012-12-03 22:54:29,624 [Worker-4] WARN  o.e.m.c.i.embedder.EclipseLogger - Using platform encoding (Cp1252 actually) to copy filtered resources, i.e. build is platform dependent!
2012-12-03 22:54:29,625 [Worker-4] INFO  o.e.m.c.i.embedder.EclipseLogger - Copying 0 resource
2012-12-03 22:54:30,820 [Worker-4] WARN  o.e.m.c.i.embedder.EclipseLogger - Using platform encoding (Cp1252 actually) to copy filtered resources, i.e. build is platform dependent!
2012-12-03 22:54:30,836 [Worker-4] INFO  o.e.m.c.i.embedder.EclipseLogger - Copying 0 resource
2012-12-03 22:54:30,838 [Worker-4] WARN  o.e.m.c.i.embedder.EclipseLogger - Using platform encoding (Cp1252 actually) to copy filtered resources, i.e. build is platform dependent!
2012-12-03 22:54:30,838 [Worker-4] INFO  o.e.m.c.i.embedder.EclipseLogger - Copying 0 resource
2012-12-03 22:55:05,372 [Worker-11] WARN  o.e.m.c.i.embedder.EclipseLogger - Using platform encoding (Cp1252 actually) to copy filtered resources, i.e. build is platform dependent!
2012-12-03 22:55:05,374 [Worker-11] INFO  o.e.m.c.i.embedder.EclipseLogger - Copying 0 resource
2012-12-03 22:55:05,375 [Worker-11] WARN  o.e.m.c.i.embedder.EclipseLogger - Using platform encoding (Cp1252 actually) to copy filtered resources, i.e. build is platform dependent!
2012-12-03 22:55:05,377 [Worker-11] INFO  o.e.m.c.i.embedder.EclipseLogger - Copying 0 resource
2012-12-03 22:55:27,226 [Worker-12] WARN  o.e.m.c.i.embedder.EclipseLogger - Using platform encoding (Cp1252 actually) to copy filtered resources, i.e. build is platform dependent!
2012-12-03 22:55:27,227 [Worker-12] INFO  o.e.m.c.i.embedder.EclipseLogger - Copying 0 resource
2012-12-03 22:55:27,230 [Worker-12] WARN  o.e.m.c.i.embedder.EclipseLogger - Using platform encoding (Cp1252 actually) to copy filtered resources, i.e. build is platform dependent!
2012-12-03 22:55:27,231 [Worker-12] INFO  o.e.m.c.i.embedder.EclipseLogger - Copying 0 resource
2012-12-03 22:55:28,301 [Worker-3] WARN  o.e.m.c.i.embedder.EclipseLogger - Using platform encoding (Cp1252 actually) to copy filtered resources, i.e. build is platform dependent!
2012-12-03 22:55:28,302 [Worker-3] INFO  o.e.m.c.i.embedder.EclipseLogger - Copying 0 resource
2012-12-03 22:55:28,303 [Worker-3] WARN  o.e.m.c.i.embedder.EclipseLogger - Using platform encoding (Cp1252 actually) to copy filtered resources, i.e. build is platform dependent!
2012-12-03 22:55:28,304 [Worker-3] INFO  o.e.m.c.i.embedder.EclipseLogger - Copying 0 resource
2012-12-03 22:55:47,152 [Worker-10] WARN  o.e.m.c.i.embedder.EclipseLogger - Using platform encoding (Cp1252 actually) to copy filtered resources, i.e. build is platform dependent!
2012-12-03 22:55:47,153 [Worker-10] INFO  o.e.m.c.i.embedder.EclipseLogger - Copying 0 resource
2012-12-03 22:55:47,155 [Worker-10] WARN  o.e.m.c.i.embedder.EclipseLogger - Using platform encoding (Cp1252 actually) to copy filtered resources, i.e. build is platform dependent!
2012-12-03 22:55:47,156 [Worker-10] INFO  o.e.m.c.i.embedder.EclipseLogger - Copying 0 resource
2012-12-03 22:56:57,454 [Worker-9] WARN  o.e.m.c.i.embedder.EclipseLogger - Using platform encoding (Cp1252 actually) to copy filtered resources, i.e. build is platform dependent!
2012-12-03 22:56:57,456 [Worker-9] INFO  o.e.m.c.i.embedder.EclipseLogger - Copying 0 resource
2012-12-03 22:56:57,457 [Worker-9] WARN  o.e.m.c.i.embedder.EclipseLogger - Using platform encoding (Cp1252 actually) to copy filtered resources, i.e. build is platform dependent!
2012-12-03 22:56:57,459 [Worker-9] INFO  o.e.m.c.i.embedder.EclipseLogger - Copying 0 resource
2012-12-03 22:57:07,276 [Worker-14] WARN  o.e.m.c.i.embedder.EclipseLogger - Using platform encoding (Cp1252 actually) to copy filtered resources, i.e. build is platform dependent!
2012-12-03 22:57:07,278 [Worker-14] INFO  o.e.m.c.i.embedder.EclipseLogger - Copying 0 resource
2012-12-03 22:57:07,280 [Worker-14] WARN  o.e.m.c.i.embedder.EclipseLogger - Using platform encoding (Cp1252 actually) to copy filtered resources, i.e. build is platform dependent!
2012-12-03 22:57:07,283 [Worker-14] INFO  o.e.m.c.i.embedder.EclipseLogger - Copying 0 resource
2012-12-03 22:57:40,221 [Worker-14] WARN  o.e.m.c.i.embedder.EclipseLogger - Using platform encoding (Cp1252 actually) to copy filtered resources, i.e. build is platform dependent!
2012-12-03 22:57:40,222 [Worker-14] INFO  o.e.m.c.i.embedder.EclipseLogger - Copying 0 resource
2012-12-03 22:57:40,224 [Worker-14] WARN  o.e.m.c.i.embedder.EclipseLogger - Using platform encoding (Cp1252 actually) to copy filtered resources, i.e. build is platform dependent!
2012-12-03 22:57:40,225 [Worker-14] INFO  o.e.m.c.i.embedder.EclipseLogger - Copying 0 resource
2012-12-03 22:57:47,673 [Worker-7] WARN  o.e.m.c.i.embedder.EclipseLogger - Using platform encoding (Cp1252 actually) to copy filtered resources, i.e. build is platform dependent!
2012-12-03 22:57:47,675 [Worker-7] INFO  o.e.m.c.i.embedder.EclipseLogger - Copying 0 resource
2012-12-03 22:57:47,677 [Worker-7] WARN  o.e.m.c.i.embedder.EclipseLogger - Using platform encoding (Cp1252 actually) to copy filtered resources, i.e. build is platform dependent!
2012-12-03 22:57:47,679 [Worker-7] INFO  o.e.m.c.i.embedder.EclipseLogger - Copying 0 resource
2012-12-03 22:58:21,967 [Worker-10] WARN  o.e.m.c.i.embedder.EclipseLogger - Using platform encoding (Cp1252 actually) to copy filtered resources, i.e. build is platform dependent!
2012-12-03 22:58:21,969 [Worker-10] INFO  o.e.m.c.i.embedder.EclipseLogger - Copying 0 resource
2012-12-03 22:58:21,970 [Worker-10] WARN  o.e.m.c.i.embedder.EclipseLogger - Using platform encoding (Cp1252 actually) to copy filtered resources, i.e. build is platform dependent!
2012-12-03 22:58:21,971 [Worker-10] INFO  o.e.m.c.i.embedder.EclipseLogger - Copying 0 resource
2012-12-03 23:05:54,426 [Worker-21] WARN  o.e.m.c.i.embedder.EclipseLogger - Using platform encoding (Cp1252 actually) to copy filtered resources, i.e. build is platform dependent!
2012-12-03 23:05:54,427 [Worker-21] INFO  o.e.m.c.i.embedder.EclipseLogger - Copying 0 resource
2012-12-03 23:05:54,430 [Worker-21] WARN  o.e.m.c.i.embedder.EclipseLogger - Using platform encoding (Cp1252 actually) to copy filtered resources, i.e. build is platform dependent!
2012-12-03 23:05:54,481 [Worker-21] INFO  o.e.m.c.i.embedder.EclipseLogger - Copying 0 resource
2012-12-03 23:06:46,341 [Worker-20] WARN  o.e.m.c.i.embedder.EclipseLogger - Using platform encoding (Cp1252 actually) to copy filtered resources, i.e. build is platform dependent!
2012-12-03 23:06:46,342 [Worker-20] INFO  o.e.m.c.i.embedder.EclipseLogger - Copying 0 resource
2012-12-03 23:06:46,344 [Worker-20] WARN  o.e.m.c.i.embedder.EclipseLogger - Using platform encoding (Cp1252 actually) to copy filtered resources, i.e. build is platform dependent!
2012-12-03 23:06:46,345 [Worker-20] INFO  o.e.m.c.i.embedder.EclipseLogger - Copying 0 resource
2012-12-03 23:07:49,089 [Worker-22] WARN  o.e.m.c.i.embedder.EclipseLogger - Using platform encoding (Cp1252 actually) to copy filtered resources, i.e. build is platform dependent!
2012-12-03 23:07:49,090 [Worker-22] INFO  o.e.m.c.i.embedder.EclipseLogger - Copying 0 resource
2012-12-03 23:07:49,091 [Worker-22] WARN  o.e.m.c.i.embedder.EclipseLogger - Using platform encoding (Cp1252 actually) to copy filtered resources, i.e. build is platform dependent!
2012-12-03 23:07:49,092 [Worker-22] INFO  o.e.m.c.i.embedder.EclipseLogger - Copying 0 resource
2012-12-03 23:20:05,095 [Worker-24] WARN  o.e.m.c.i.embedder.EclipseLogger - Using platform encoding (Cp1252 actually) to copy filtered resources, i.e. build is platform dependent!
2012-12-03 23:20:05,096 [Worker-24] INFO  o.e.m.c.i.embedder.EclipseLogger - Copying 0 resource
2012-12-03 23:20:05,098 [Worker-24] WARN  o.e.m.c.i.embedder.EclipseLogger - Using platform encoding (Cp1252 actually) to copy filtered resources, i.e. build is platform dependent!
2012-12-03 23:20:05,100 [Worker-24] INFO  o.e.m.c.i.embedder.EclipseLogger - Copying 0 resource
2012-12-03 23:22:08,951 [Worker-33] WARN  o.e.m.c.i.embedder.EclipseLogger - Using platform encoding (Cp1252 actually) to copy filtered resources, i.e. build is platform dependent!
2012-12-03 23:22:08,952 [Worker-33] INFO  o.e.m.c.i.embedder.EclipseLogger - Copying 0 resource
2012-12-03 23:22:08,953 [Worker-33] WARN  o.e.m.c.i.embedder.EclipseLogger - Using platform encoding (Cp1252 actually) to copy filtered resources, i.e. build is platform dependent!
2012-12-03 23:22:08,955 [Worker-33] INFO  o.e.m.c.i.embedder.EclipseLogger - Copying 0 resource
2012-12-03 23:22:27,728 [Worker-26] WARN  o.e.m.c.i.embedder.EclipseLogger - Using platform encoding (Cp1252 actually) to copy filtered resources, i.e. build is platform dependent!
2012-12-03 23:22:27,729 [Worker-26] INFO  o.e.m.c.i.embedder.EclipseLogger - Copying 0 resource
2012-12-03 23:22:27,732 [Worker-26] WARN  o.e.m.c.i.embedder.EclipseLogger - Using platform encoding (Cp1252 actually) to copy filtered resources, i.e. build is platform dependent!
2012-12-03 23:22:27,733 [Worker-26] INFO  o.e.m.c.i.embedder.EclipseLogger - Copying 0 resource
2012-12-03 23:23:52,827 [Worker-30] WARN  o.e.m.c.i.embedder.EclipseLogger - Using platform encoding (Cp1252 actually) to copy filtered resources, i.e. build is platform dependent!
2012-12-03 23:23:52,828 [Worker-30] INFO  o.e.m.c.i.embedder.EclipseLogger - Copying 0 resource
2012-12-03 23:23:52,829 [Worker-30] WARN  o.e.m.c.i.embedder.EclipseLogger - Using platform encoding (Cp1252 actually) to copy filtered resources, i.e. build is platform dependent!
2012-12-03 23:23:52,832 [Worker-30] INFO  o.e.m.c.i.embedder.EclipseLogger - Copying 0 resource
2012-12-03 23:25:23,416 [Worker-35] WARN  o.e.m.c.i.embedder.EclipseLogger - Using platform encoding (Cp1252 actually) to copy filtered resources, i.e. build is platform dependent!
2012-12-03 23:25:23,419 [Worker-35] INFO  o.e.m.c.i.embedder.EclipseLogger - Copying 0 resource
2012-12-03 23:25:23,423 [Worker-35] WARN  o.e.m.c.i.embedder.EclipseLogger - Using platform encoding (Cp1252 actually) to copy filtered resources, i.e. build is platform dependent!
2012-12-03 23:25:23,428 [Worker-35] INFO  o.e.m.c.i.embedder.EclipseLogger - Copying 0 resource
2012-12-03 23:25:27,812 [Worker-37] WARN  o.e.m.c.i.embedder.EclipseLogger - Using platform encoding (Cp1252 actually) to copy filtered resources, i.e. build is platform dependent!
2012-12-03 23:25:27,813 [Worker-37] INFO  o.e.m.c.i.embedder.EclipseLogger - Copying 0 resource
2012-12-03 23:25:27,814 [Worker-37] WARN  o.e.m.c.i.embedder.EclipseLogger - Using platform encoding (Cp1252 actually) to copy filtered resources, i.e. build is platform dependent!
2012-12-03 23:25:27,815 [Worker-37] INFO  o.e.m.c.i.embedder.EclipseLogger - Copying 0 resource
2012-12-03 23:25:50,925 [Worker-24] WARN  o.e.m.c.i.embedder.EclipseLogger - Using platform encoding (Cp1252 actually) to copy filtered resources, i.e. build is platform dependent!
2012-12-03 23:25:50,927 [Worker-24] INFO  o.e.m.c.i.embedder.EclipseLogger - Copying 0 resource
2012-12-03 23:25:50,929 [Worker-24] WARN  o.e.m.c.i.embedder.EclipseLogger - Using platform encoding (Cp1252 actually) to copy filtered resources, i.e. build is platform dependent!
2012-12-03 23:25:50,932 [Worker-24] INFO  o.e.m.c.i.embedder.EclipseLogger - Copying 0 resource
2012-12-03 23:29:53,307 [Worker-40] WARN  o.e.m.c.i.embedder.EclipseLogger - Using platform encoding (Cp1252 actually) to copy filtered resources, i.e. build is platform dependent!
2012-12-03 23:29:53,308 [Worker-40] INFO  o.e.m.c.i.embedder.EclipseLogger - Copying 0 resource
2012-12-03 23:29:53,310 [Worker-40] WARN  o.e.m.c.i.embedder.EclipseLogger - Using platform encoding (Cp1252 actually) to copy filtered resources, i.e. build is platform dependent!
2012-12-03 23:29:53,311 [Worker-40] INFO  o.e.m.c.i.embedder.EclipseLogger - Copying 0 resource
2012-12-03 23:35:19,293 [Worker-43] WARN  o.e.m.c.i.embedder.EclipseLogger - Using platform encoding (Cp1252 actually) to copy filtered resources, i.e. build is platform dependent!
2012-12-03 23:35:19,294 [Worker-43] INFO  o.e.m.c.i.embedder.EclipseLogger - Copying 0 resource
2012-12-03 23:35:19,295 [Worker-43] WARN  o.e.m.c.i.embedder.EclipseLogger - Using platform encoding (Cp1252 actually) to copy filtered resources, i.e. build is platform dependent!
2012-12-03 23:35:19,296 [Worker-43] INFO  o.e.m.c.i.embedder.EclipseLogger - Copying 0 resource
2012-12-03 23:35:47,632 [Worker-43] WARN  o.e.m.c.i.embedder.EclipseLogger - Using platform encoding (Cp1252 actually) to copy filtered resources, i.e. build is platform dependent!
2012-12-03 23:35:47,634 [Worker-43] INFO  o.e.m.c.i.embedder.EclipseLogger - Copying 0 resource
2012-12-03 23:35:47,636 [Worker-43] WARN  o.e.m.c.i.embedder.EclipseLogger - Using platform encoding (Cp1252 actually) to copy filtered resources, i.e. build is platform dependent!
2012-12-03 23:35:47,637 [Worker-43] INFO  o.e.m.c.i.embedder.EclipseLogger - Copying 0 resource
2012-12-03 23:36:11,941 [Worker-43] WARN  o.e.m.c.i.embedder.EclipseLogger - Using platform encoding (Cp1252 actually) to copy filtered resources, i.e. build is platform dependent!
2012-12-03 23:36:11,943 [Worker-43] INFO  o.e.m.c.i.embedder.EclipseLogger - Copying 0 resource
2012-12-03 23:36:11,944 [Worker-43] WARN  o.e.m.c.i.embedder.EclipseLogger - Using platform encoding (Cp1252 actually) to copy filtered resources, i.e. build is platform dependent!
2012-12-03 23:36:11,945 [Worker-43] INFO  o.e.m.c.i.embedder.EclipseLogger - Copying 0 resource
2012-12-03 23:36:32,287 [Worker-19] WARN  o.e.m.c.i.embedder.EclipseLogger - Using platform encoding (Cp1252 actually) to copy filtered resources, i.e. build is platform dependent!
2012-12-03 23:36:32,289 [Worker-19] INFO  o.e.m.c.i.embedder.EclipseLogger - Copying 0 resource
2012-12-03 23:36:32,291 [Worker-19] WARN  o.e.m.c.i.embedder.EclipseLogger - Using platform encoding (Cp1252 actually) to copy filtered resources, i.e. build is platform dependent!
2012-12-03 23:36:32,294 [Worker-19] INFO  o.e.m.c.i.embedder.EclipseLogger - Copying 0 resource
2012-12-03 23:40:50,731 [Worker-58] WARN  o.e.m.c.i.embedder.EclipseLogger - Using platform encoding (Cp1252 actually) to copy filtered resources, i.e. build is platform dependent!
2012-12-03 23:40:50,732 [Worker-58] INFO  o.e.m.c.i.embedder.EclipseLogger - Copying 0 resource
2012-12-03 23:40:50,733 [Worker-58] WARN  o.e.m.c.i.embedder.EclipseLogger - Using platform encoding (Cp1252 actually) to copy filtered resources, i.e. build is platform dependent!
2012-12-03 23:40:50,734 [Worker-58] INFO  o.e.m.c.i.embedder.EclipseLogger - Copying 0 resource
2012-12-03 23:42:35,987 [Worker-50] WARN  o.e.m.c.i.embedder.EclipseLogger - Using platform encoding (Cp1252 actually) to copy filtered resources, i.e. build is platform dependent!
2012-12-03 23:42:35,988 [Worker-50] INFO  o.e.m.c.i.embedder.EclipseLogger - Copying 0 resource
2012-12-03 23:42:35,989 [Worker-50] WARN  o.e.m.c.i.embedder.EclipseLogger - Using platform encoding (Cp1252 actually) to copy filtered resources, i.e. build is platform dependent!
2012-12-03 23:42:35,990 [Worker-50] INFO  o.e.m.c.i.embedder.EclipseLogger - Copying 0 resource
2012-12-03 23:43:21,541 [Worker-19] WARN  o.e.m.c.i.embedder.EclipseLogger - Using platform encoding (Cp1252 actually) to copy filtered resources, i.e. build is platform dependent!
2012-12-03 23:43:21,542 [Worker-19] INFO  o.e.m.c.i.embedder.EclipseLogger - Copying 0 resource
2012-12-03 23:43:21,544 [Worker-19] WARN  o.e.m.c.i.embedder.EclipseLogger - Using platform encoding (Cp1252 actually) to copy filtered resources, i.e. build is platform dependent!
2012-12-03 23:43:21,545 [Worker-19] INFO  o.e.m.c.i.embedder.EclipseLogger - Copying 0 resource
2012-12-03 23:46:41,898 [Worker-55] WARN  o.e.m.c.i.embedder.EclipseLogger - Using platform encoding (Cp1252 actually) to copy filtered resources, i.e. build is platform dependent!
2012-12-03 23:46:41,899 [Worker-55] INFO  o.e.m.c.i.embedder.EclipseLogger - Copying 0 resource
2012-12-03 23:46:41,901 [Worker-55] WARN  o.e.m.c.i.embedder.EclipseLogger - Using platform encoding (Cp1252 actually) to copy filtered resources, i.e. build is platform dependent!
2012-12-03 23:46:41,904 [Worker-55] INFO  o.e.m.c.i.embedder.EclipseLogger - Copying 0 resource
2012-12-03 23:48:45,123 [Worker-62] WARN  o.e.m.c.i.embedder.EclipseLogger - Using platform encoding (Cp1252 actually) to copy filtered resources, i.e. build is platform dependent!
2012-12-03 23:48:45,124 [Worker-62] INFO  o.e.m.c.i.embedder.EclipseLogger - Copying 0 resource
2012-12-03 23:48:45,126 [Worker-62] WARN  o.e.m.c.i.embedder.EclipseLogger - Using platform encoding (Cp1252 actually) to copy filtered resources, i.e. build is platform dependent!
2012-12-03 23:48:45,126 [Worker-62] INFO  o.e.m.c.i.embedder.EclipseLogger - Copying 0 resource
2012-12-03 23:49:03,587 [Worker-55] WARN  o.e.m.c.i.embedder.EclipseLogger - Using platform encoding (Cp1252 actually) to copy filtered resources, i.e. build is platform dependent!
2012-12-03 23:49:03,588 [Worker-55] INFO  o.e.m.c.i.embedder.EclipseLogger - Copying 0 resource
2012-12-03 23:49:03,589 [Worker-55] WARN  o.e.m.c.i.embedder.EclipseLogger - Using platform encoding (Cp1252 actually) to copy filtered resources, i.e. build is platform dependent!
2012-12-03 23:49:03,590 [Worker-55] INFO  o.e.m.c.i.embedder.EclipseLogger - Copying 0 resource
2012-12-03 23:52:13,429 [Worker-62] WARN  o.e.m.c.i.embedder.EclipseLogger - Using platform encoding (Cp1252 actually) to copy filtered resources, i.e. build is platform dependent!
2012-12-03 23:52:13,431 [Worker-62] INFO  o.e.m.c.i.embedder.EclipseLogger - Copying 0 resource
2012-12-03 23:52:13,432 [Worker-62] WARN  o.e.m.c.i.embedder.EclipseLogger - Using platform encoding (Cp1252 actually) to copy filtered resources, i.e. build is platform dependent!
2012-12-03 23:52:13,433 [Worker-62] INFO  o.e.m.c.i.embedder.EclipseLogger - Copying 0 resource
2012-12-03 23:53:37,088 [Worker-64] WARN  o.e.m.c.i.embedder.EclipseLogger - Using platform encoding (Cp1252 actually) to copy filtered resources, i.e. build is platform dependent!
2012-12-03 23:53:37,089 [Worker-64] INFO  o.e.m.c.i.embedder.EclipseLogger - Copying 0 resource
2012-12-03 23:53:37,090 [Worker-64] WARN  o.e.m.c.i.embedder.EclipseLogger - Using platform encoding (Cp1252 actually) to copy filtered resources, i.e. build is platform dependent!
2012-12-03 23:53:37,090 [Worker-64] INFO  o.e.m.c.i.embedder.EclipseLogger - Copying 0 resource
2012-12-03 23:54:55,259 [Worker-61] WARN  o.e.m.c.i.embedder.EclipseLogger - Using platform encoding (Cp1252 actually) to copy filtered resources, i.e. build is platform dependent!
2012-12-03 23:54:55,260 [Worker-61] INFO  o.e.m.c.i.embedder.EclipseLogger - Copying 0 resource
2012-12-03 23:54:55,261 [Worker-61] WARN  o.e.m.c.i.embedder.EclipseLogger - Using platform encoding (Cp1252 actually) to copy filtered resources, i.e. build is platform dependent!
2012-12-03 23:54:55,262 [Worker-61] INFO  o.e.m.c.i.embedder.EclipseLogger - Copying 0 resource
2012-12-03 23:55:53,452 [Worker-52] WARN  o.e.m.c.i.embedder.EclipseLogger - Using platform encoding (Cp1252 actually) to copy filtered resources, i.e. build is platform dependent!
2012-12-03 23:55:53,453 [Worker-52] INFO  o.e.m.c.i.embedder.EclipseLogger - Copying 0 resource
2012-12-03 23:55:53,454 [Worker-52] WARN  o.e.m.c.i.embedder.EclipseLogger - Using platform encoding (Cp1252 actually) to copy filtered resources, i.e. build is platform dependent!
2012-12-03 23:55:53,455 [Worker-52] INFO  o.e.m.c.i.embedder.EclipseLogger - Copying 0 resource
2012-12-03 23:58:40,540 [Worker-65] WARN  o.e.m.c.i.embedder.EclipseLogger - Using platform encoding (Cp1252 actually) to copy filtered resources, i.e. build is platform dependent!
2012-12-03 23:58:40,542 [Worker-65] INFO  o.e.m.c.i.embedder.EclipseLogger - Copying 0 resource
2012-12-03 23:58:40,543 [Worker-65] WARN  o.e.m.c.i.embedder.EclipseLogger - Using platform encoding (Cp1252 actually) to copy filtered resources, i.e. build is platform dependent!
2012-12-03 23:58:40,543 [Worker-65] INFO  o.e.m.c.i.embedder.EclipseLogger - Copying 0 resource
2012-12-04 00:00:19,720 [Worker-52] WARN  o.e.m.c.i.embedder.EclipseLogger - Using platform encoding (Cp1252 actually) to copy filtered resources, i.e. build is platform dependent!
2012-12-04 00:00:19,721 [Worker-52] INFO  o.e.m.c.i.embedder.EclipseLogger - Copying 0 resource
2012-12-04 00:00:19,723 [Worker-52] WARN  o.e.m.c.i.embedder.EclipseLogger - Using platform encoding (Cp1252 actually) to copy filtered resources, i.e. build is platform dependent!
2012-12-04 00:00:19,724 [Worker-52] INFO  o.e.m.c.i.embedder.EclipseLogger - Copying 0 resource
2012-12-04 00:01:23,223 [Worker-63] WARN  o.e.m.c.i.embedder.EclipseLogger - Using platform encoding (Cp1252 actually) to copy filtered resources, i.e. build is platform dependent!
2012-12-04 00:01:23,224 [Worker-63] INFO  o.e.m.c.i.embedder.EclipseLogger - Copying 0 resource
2012-12-04 00:01:23,226 [Worker-63] WARN  o.e.m.c.i.embedder.EclipseLogger - Using platform encoding (Cp1252 actually) to copy filtered resources, i.e. build is platform dependent!
2012-12-04 00:01:23,226 [Worker-63] INFO  o.e.m.c.i.embedder.EclipseLogger - Copying 0 resource
2012-12-04 00:02:41,274 [Worker-67] WARN  o.e.m.c.i.embedder.EclipseLogger - Using platform encoding (Cp1252 actually) to copy filtered resources, i.e. build is platform dependent!
2012-12-04 00:02:41,275 [Worker-67] INFO  o.e.m.c.i.embedder.EclipseLogger - Copying 0 resource
2012-12-04 00:02:41,277 [Worker-67] WARN  o.e.m.c.i.embedder.EclipseLogger - Using platform encoding (Cp1252 actually) to copy filtered resources, i.e. build is platform dependent!
2012-12-04 00:02:41,277 [Worker-67] INFO  o.e.m.c.i.embedder.EclipseLogger - Copying 0 resource
2012-12-04 00:06:43,107 [Worker-72] WARN  o.e.m.c.i.embedder.EclipseLogger - Using platform encoding (Cp1252 actually) to copy filtered resources, i.e. build is platform dependent!
2012-12-04 00:06:43,109 [Worker-72] INFO  o.e.m.c.i.embedder.EclipseLogger - Copying 0 resource
2012-12-04 00:06:43,110 [Worker-72] WARN  o.e.m.c.i.embedder.EclipseLogger - Using platform encoding (Cp1252 actually) to copy filtered resources, i.e. build is platform dependent!
2012-12-04 00:06:43,111 [Worker-72] INFO  o.e.m.c.i.embedder.EclipseLogger - Copying 0 resource
2012-12-04 00:08:55,786 [Worker-76] WARN  o.e.m.c.i.embedder.EclipseLogger - Using platform encoding (Cp1252 actually) to copy filtered resources, i.e. build is platform dependent!
2012-12-04 00:08:55,787 [Worker-76] INFO  o.e.m.c.i.embedder.EclipseLogger - Copying 0 resource
2012-12-04 00:08:55,788 [Worker-76] WARN  o.e.m.c.i.embedder.EclipseLogger - Using platform encoding (Cp1252 actually) to copy filtered resources, i.e. build is platform dependent!
2012-12-04 00:08:55,789 [Worker-76] INFO  o.e.m.c.i.embedder.EclipseLogger - Copying 0 resource
2012-12-04 00:09:28,150 [Worker-74] WARN  o.e.m.c.i.embedder.EclipseLogger - Using platform encoding (Cp1252 actually) to copy filtered resources, i.e. build is platform dependent!
2012-12-04 00:09:28,152 [Worker-74] INFO  o.e.m.c.i.embedder.EclipseLogger - Copying 0 resource
2012-12-04 00:09:28,153 [Worker-74] WARN  o.e.m.c.i.embedder.EclipseLogger - Using platform encoding (Cp1252 actually) to copy filtered resources, i.e. build is platform dependent!
2012-12-04 00:09:28,154 [Worker-74] INFO  o.e.m.c.i.embedder.EclipseLogger - Copying 0 resource
2012-12-04 00:10:37,155 [Worker-59] WARN  o.e.m.c.i.embedder.EclipseLogger - Using platform encoding (Cp1252 actually) to copy filtered resources, i.e. build is platform dependent!
2012-12-04 00:10:37,156 [Worker-59] INFO  o.e.m.c.i.embedder.EclipseLogger - Copying 0 resource
2012-12-04 00:10:37,158 [Worker-59] WARN  o.e.m.c.i.embedder.EclipseLogger - Using platform encoding (Cp1252 actually) to copy filtered resources, i.e. build is platform dependent!
2012-12-04 00:10:37,159 [Worker-59] INFO  o.e.m.c.i.embedder.EclipseLogger - Copying 0 resource
2012-12-04 00:10:59,011 [Worker-77] WARN  o.e.m.c.i.embedder.EclipseLogger - Using platform encoding (Cp1252 actually) to copy filtered resources, i.e. build is platform dependent!
2012-12-04 00:10:59,012 [Worker-77] INFO  o.e.m.c.i.embedder.EclipseLogger - Copying 0 resource
2012-12-04 00:10:59,013 [Worker-77] WARN  o.e.m.c.i.embedder.EclipseLogger - Using platform encoding (Cp1252 actually) to copy filtered resources, i.e. build is platform dependent!
2012-12-04 00:10:59,014 [Worker-77] INFO  o.e.m.c.i.embedder.EclipseLogger - Copying 0 resource
2012-12-04 00:11:15,702 [Worker-52] WARN  o.e.m.c.i.embedder.EclipseLogger - Using platform encoding (Cp1252 actually) to copy filtered resources, i.e. build is platform dependent!
2012-12-04 00:11:15,703 [Worker-52] INFO  o.e.m.c.i.embedder.EclipseLogger - Copying 0 resource
2012-12-04 00:11:15,704 [Worker-52] WARN  o.e.m.c.i.embedder.EclipseLogger - Using platform encoding (Cp1252 actually) to copy filtered resources, i.e. build is platform dependent!
2012-12-04 00:11:15,705 [Worker-52] INFO  o.e.m.c.i.embedder.EclipseLogger - Copying 0 resource
2012-12-04 00:11:28,790 [Worker-78] WARN  o.e.m.c.i.embedder.EclipseLogger - Using platform encoding (Cp1252 actually) to copy filtered resources, i.e. build is platform dependent!
2012-12-04 00:11:28,792 [Worker-78] INFO  o.e.m.c.i.embedder.EclipseLogger - Copying 0 resource
2012-12-04 00:11:28,793 [Worker-78] WARN  o.e.m.c.i.embedder.EclipseLogger - Using platform encoding (Cp1252 actually) to copy filtered resources, i.e. build is platform dependent!
2012-12-04 00:11:28,794 [Worker-78] INFO  o.e.m.c.i.embedder.EclipseLogger - Copying 0 resource
2012-12-04 00:11:36,810 [Worker-72] WARN  o.e.m.c.i.embedder.EclipseLogger - Using platform encoding (Cp1252 actually) to copy filtered resources, i.e. build is platform dependent!
2012-12-04 00:11:36,811 [Worker-72] INFO  o.e.m.c.i.embedder.EclipseLogger - Copying 0 resource
2012-12-04 00:11:36,813 [Worker-72] WARN  o.e.m.c.i.embedder.EclipseLogger - Using platform encoding (Cp1252 actually) to copy filtered resources, i.e. build is platform dependent!
2012-12-04 00:11:36,813 [Worker-72] INFO  o.e.m.c.i.embedder.EclipseLogger - Copying 0 resource
2012-12-04 00:11:44,966 [Worker-72] WARN  o.e.m.c.i.embedder.EclipseLogger - Using platform encoding (Cp1252 actually) to copy filtered resources, i.e. build is platform dependent!
2012-12-04 00:11:44,967 [Worker-72] INFO  o.e.m.c.i.embedder.EclipseLogger - Copying 0 resource
2012-12-04 00:11:44,968 [Worker-72] WARN  o.e.m.c.i.embedder.EclipseLogger - Using platform encoding (Cp1252 actually) to copy filtered resources, i.e. build is platform dependent!
2012-12-04 00:11:44,969 [Worker-72] INFO  o.e.m.c.i.embedder.EclipseLogger - Copying 0 resource
2012-12-04 00:11:55,322 [Worker-72] WARN  o.e.m.c.i.embedder.EclipseLogger - Using platform encoding (Cp1252 actually) to copy filtered resources, i.e. build is platform dependent!
2012-12-04 00:11:55,323 [Worker-72] INFO  o.e.m.c.i.embedder.EclipseLogger - Copying 0 resource
2012-12-04 00:11:55,325 [Worker-72] WARN  o.e.m.c.i.embedder.EclipseLogger - Using platform encoding (Cp1252 actually) to copy filtered resources, i.e. build is platform dependent!
2012-12-04 00:11:55,325 [Worker-72] INFO  o.e.m.c.i.embedder.EclipseLogger - Copying 0 resource
2012-12-04 00:12:02,466 [Worker-78] WARN  o.e.m.c.i.embedder.EclipseLogger - Using platform encoding (Cp1252 actually) to copy filtered resources, i.e. build is platform dependent!
2012-12-04 00:12:02,467 [Worker-78] INFO  o.e.m.c.i.embedder.EclipseLogger - Copying 0 resource
2012-12-04 00:12:02,468 [Worker-78] WARN  o.e.m.c.i.embedder.EclipseLogger - Using platform encoding (Cp1252 actually) to copy filtered resources, i.e. build is platform dependent!
2012-12-04 00:12:02,469 [Worker-78] INFO  o.e.m.c.i.embedder.EclipseLogger - Copying 0 resource
